Build started 6.3.2018 13:57:58.
     1>Project "C:\testing\aadsp2_projekat\Models\model2\model2\model2.vcxproj" on node 2 (build target(s)).
     1>InitializeBuildStatus:
         Touching "Debug\model2.unsuccessfulbuild".
       ClCompile:
         C:\Program Files (x86)\Microsoft Visual Studio 10.0\VC\bin\CL.exe /c /ZI /nologo /W3 /WX- /Od /Oy- /D WIN32 /D _DEBUG /D _CONSOLE /D _UNICODE /D UNICODE /Gm /EHsc /RTC1 /MDd /GS /fp:precise /Zc:wchar_t /Zc:forScope /Fo"Debug\\" /Fd"Debug\vc100.pdb" /Gd /TP /analyze- /errorReport:prompt main.cpp
         main.cpp
     1>c:\testing\aadsp2_projekat\models\model2\model2\main.cpp(83): error C2666: 'fract::operator *' : 4 overloads have similar conversions
                 c:\testing\aadsp2_projekat\models\model2\model2\stdfix_emu.h(249): could be 'long_accum fract::operator *(const unsigned int &) const'
                 c:\testing\aadsp2_projekat\models\model2\model2\stdfix_emu.h(248): or       'long_accum fract::operator *(const long &) const'
                 c:\testing\aadsp2_projekat\models\model2\model2\stdfix_emu.h(247): or       'long_accum fract::operator *(const fract &) const'
                 or       'built-in C++ operator*(int, int)'
                 while trying to match the argument list '(fract, int)'
     1>Done Building Project "C:\testing\aadsp2_projekat\Models\model2\model2\model2.vcxproj" (build target(s)) -- FAILED.

Build FAILED.

Time Elapsed 00:00:00.48
